<?xml version="1.0" encoding="UTF-8"?>
<testsuite xmlns:xsi="http://www.w3.org/2001/XMLSchema-instance" xsi:noNamespaceSchemaLocation="https://maven.apache.org/surefire/maven-surefire-plugin/xsd/surefire-test-report.xsd" name="cucumberOptions.TestRunner" time="144.058" tests="1" errors="0" skipped="0" failures="1">
  <properties>
[...]
</properties>
  <testcase name="feature" classname="cucumberOptions.TestRunner" time="138.215">
    <failure message="org.openqa.selenium.NoSuchElementException: no such element: Unable to locate element: {&quot;method&quot;:&quot;xpath&quot;,&quot;selector&quot;:&quot;//img[@class=&apos;LPMcloseButton&apos;]&quot;}&#10;  (Session info: chrome=88.0.4324.192)&#10;For documentation on this error, please visit: https://www.seleniumhq.org/exceptions/no_such_element.html&#10;Build info: version: &apos;3.141.59&apos;, revision: &apos;e82be7d358&apos;, time: &apos;2018-11-14T08:17:03&apos;&#10;System info: host: &apos;Yuvens-MacBook-Air.local&apos;, ip: &apos;fe80:0:0:0:1c4a:d437:f462:b808%en0&apos;, os.name: &apos;Mac OS X&apos;, os.arch: &apos;x86_64&apos;, os.version: &apos;10.15.7&apos;, java.version: &apos;14.0.1&apos;&#10;Driver info: org.openqa.selenium.chrome.ChromeDriver&#10;Capabilities {acceptInsecureCerts: false, browserName: chrome, browserVersion: 88.0.4324.192, chrome: {chromedriverVersion: 88.0.4324.96 (68dba2d8a0b14..., userDataDir: /var/folders/wb/mc34wf2n5t5...}, goog:chromeOptions: {debuggerAddress: localhost:57339}, javascriptEnabled: true, networkConnectionEnabled: false, pageLoadStrategy: normal, platform: MAC, platformName: MAC, proxy: Proxy(), setWindowRect: true, strictFileInteractability: false, timeouts: {implicit: 0, pageLoad: 300000, script: 30000}, unhandledPromptBehavior: dismiss and notify, webauthn:extension:largeBlob: true, webauthn:virtualAuthenticators: true}&#10;Session ID: 38ba7932891c29fb049a686e6a428488&#10;*** Element info: {Using=xpath, value=//img[@class=&apos;LPMcloseButton&apos;]}" type="cucumber.runtime.CucumberException">cucumber.runtime.CucumberException: 
org.openqa.selenium.NoSuchElementException: no such element: Unable to locate element: {"method":"xpath","selector":"//img[@class='LPMcloseButton']"}
  (Session info: chrome=88.0.4324.192)
For documentation on this error, please visit: https://www.seleniumhq.org/exceptions/no_such_element.html
Build info: version: '3.141.59', revision: 'e82be7d358', time: '2018-11-14T08:17:03'
System info: host: 'Yuvens-MacBook-Air.local', ip: 'fe80:0:0:0:1c4a:d437:f462:b808%en0', os.name: 'Mac OS X', os.arch: 'x86_64', os.version: '10.15.7', java.version: '14.0.1'
Driver info: org.openqa.selenium.chrome.ChromeDriver
Capabilities {acceptInsecureCerts: false, browserName: chrome, browserVersion: 88.0.4324.192, chrome: {chromedriverVersion: 88.0.4324.96 (68dba2d8a0b14..., userDataDir: /var/folders/wb/mc34wf2n5t5...}, goog:chromeOptions: {debuggerAddress: localhost:57339}, javascriptEnabled: true, networkConnectionEnabled: false, pageLoadStrategy: normal, platform: MAC, platformName: MAC, proxy: Proxy(), setWindowRect: true, strictFileInteractability: false, timeouts: {implicit: 0, pageLoad: 300000, script: 30000}, unhandledPromptBehavior: dismiss and notify, webauthn:extension:largeBlob: true, webauthn:virtualAuthenticators: true}
Session ID: 38ba7932891c29fb049a686e6a428488
*** Element info: {Using=xpath, value=//img[@class='LPMcloseButton']}
Caused by: org.openqa.selenium.NoSuchElementException: 
no such element: Unable to locate element: {"method":"xpath","selector":"//img[@class='LPMcloseButton']"}
  (Session info: chrome=88.0.4324.192)
For documentation on this error, please visit: https://www.seleniumhq.org/exceptions/no_such_element.html
Build info: version: '3.141.59', revision: 'e82be7d358', time: '2018-11-14T08:17:03'
System info: host: 'Yuvens-MacBook-Air.local', ip: 'fe80:0:0:0:1c4a:d437:f462:b808%en0', os.name: 'Mac OS X', os.arch: 'x86_64', os.version: '10.15.7', java.version: '14.0.1'
Driver info: org.openqa.selenium.chrome.ChromeDriver
Capabilities {acceptInsecureCerts: false, browserName: chrome, browserVersion: 88.0.4324.192, chrome: {chromedriverVersion: 88.0.4324.96 (68dba2d8a0b14..., userDataDir: /var/folders/wb/mc34wf2n5t5...}, goog:chromeOptions: {debuggerAddress: localhost:57339}, javascriptEnabled: true, networkConnectionEnabled: false, pageLoadStrategy: normal, platform: MAC, platformName: MAC, proxy: Proxy(), setWindowRect: true, strictFileInteractability: false, timeouts: {implicit: 0, pageLoad: 300000, script: 30000}, unhandledPromptBehavior: dismiss and notify, webauthn:extension:largeBlob: true, webauthn:virtualAuthenticators: true}
Session ID: 38ba7932891c29fb049a686e6a428488
*** Element info: {Using=xpath, value=//img[@class='LPMcloseButton']}
</failure>
    <system-out><![CDATA[Feature: Verify user is able to retrieve accessories after applying filters on Accessories page
fisjava.io.FileInputStream@4fbda97b
browser chrome
Usera is at eshop Home page

  Scenario: Retrieval of accessories                              &amp#27;[90m# eShop.feature:5&amp#27;[0m
    &amp#27;[32mGiven &amp#27;[0m&amp#27;[32mUsera is at eshop Home page&amp#27;[0m                             &amp#27;[90m# TC01.usera_is_at_eshop_Home_page()&amp#27;[0m
    &amp#27;[31mWhen &amp#27;[0m&amp#27;[31mUser looks for accessories in products & services menu&amp#27;[0m   &amp#27;[90m# TC01.user_looks_for_accessories_in_products_services_menu()&amp#27;[0m
      &amp#27;[31morg.openqa.selenium.NoSuchElementException: no such element: Unable to locate element: {"method":"xpath","selector":"//img[@class='LPMcloseButton']"}
        (Session info: chrome=88.0.4324.192)
      For documentation on this error, please visit: https://www.seleniumhq.org/exceptions/no_such_element.html
      Build info: version: '3.141.59', revision: 'e82be7d358', time: '2018-11-14T08:17:03'
      System info: host: 'Yuvens-MacBook-Air.local', ip: 'fe80:0:0:0:1c4a:d437:f462:b808%en0', os.name: 'Mac OS X', os.arch: 'x86_64', os.version: '10.15.7', java.version: '14.0.1'
      Driver info: org.openqa.selenium.chrome.ChromeDriver
      Capabilities {acceptInsecureCerts: false, browserName: chrome, browserVersion: 88.0.4324.192, chrome: {chromedriverVersion: 88.0.4324.96 (68dba2d8a0b14..., userDataDir: /var/folders/wb/mc34wf2n5t5...}, goog:chromeOptions: {debuggerAddress: localhost:57339}, javascriptEnabled: true, networkConnectionEnabled: false, pageLoadStrategy: normal, platform: MAC, platformName: MAC, proxy: Proxy(), setWindowRect: true, strictFileInteractability: false, timeouts: {implicit: 0, pageLoad: 300000, script: 30000}, unhandledPromptBehavior: dismiss and notify, webauthn:extension:largeBlob: true, webauthn:virtualAuthenticators: true}
      Session ID: 38ba7932891c29fb049a686e6a428488
      *** Element info: {Using=xpath, value=//img[@class='LPMcloseButton']}
      	at java.base/jdk.internal.reflect.NativeConstructorAccessorImpl.newInstance0(Native Method)
      	at java.base/jdk.internal.reflect.NativeConstructorAccessorImpl.newInstance(NativeConstructorAccessorImpl.java:62)
      	at java.base/jdk.internal.reflect.DelegatingConstructorAccessorImpl.newInstance(DelegatingConstructorAccessorImpl.java:45)
      	at java.base/java.lang.reflect.Constructor.newInstanceWithCaller(Constructor.java:500)
      	at java.base/java.lang.reflect.Constructor.newInstance(Constructor.java:481)
      	at org.openqa.selenium.remote.http.W3CHttpResponseCodec.createException(W3CHttpResponseCodec.java:187)
      	at org.openqa.selenium.remote.http.W3CHttpResponseCodec.decode(W3CHttpResponseCodec.java:122)
      	at org.openqa.selenium.remote.http.W3CHttpResponseCodec.decode(W3CHttpResponseCodec.java:49)
      	at org.openqa.selenium.remote.HttpCommandExecutor.execute(HttpCommandExecutor.java:158)
      	at org.openqa.selenium.remote.service.DriverCommandExecutor.execute(DriverCommandExecutor.java:83)
      	at org.openqa.selenium.remote.RemoteWebDriver.execute(RemoteWebDriver.java:552)
      	at org.openqa.selenium.remote.RemoteWebDriver.findElement(RemoteWebDriver.java:323)
      	at org.openqa.selenium.remote.RemoteWebDriver.findElementByXPath(RemoteWebDriver.java:428)
      	at org.openqa.selenium.By$ByXPath.findElement(By.java:353)
      	at org.openqa.selenium.remote.RemoteWebDriver.findElement(RemoteWebDriver.java:315)
      	at pageObjectFiles.CloseFrame.closePopup(CloseFrame.java:17)
      	at stepDefinitions.TC01.user_looks_for_accessories_in_products_services_menu(TC01.java:45)
      	at ✽.When User looks for accessories in products & services menu(eShop.feature:7)
      &amp#27;[0m
    &amp#27;[36mAnd &amp#27;[0m&amp#27;[36mUser filters accessories by filter By, Brands and Sort By&amp#27;[0m &amp#27;[90m# TC01.user_filters_accessories_by_filter_By_Brands_and_Sort_By()&amp#27;[0m
    &amp#27;[36mThen &amp#27;[0m&amp#27;[36muser is displayed with minimum three Accessorries&amp#27;[0m        &amp#27;[90m# TC01.user_is_displayed_with_minimum_three_Accessorries()&amp#27;[0m
fisjava.io.FileInputStream@186cb891
browser chrome
1
2

  Scenario: User can add Broadband plan in shopping cart and do checkout       &amp#27;[90m# eShop.feature:13&amp#27;[0m
    &amp#27;[32mGiven &amp#27;[0m&amp#27;[32mUserb is at eshop Home page&amp#27;[0m                                          &amp#27;[90m# TC02.userb_is_at_eshop_Home_page()&amp#27;[0m
    &amp#27;[32mWhen &amp#27;[0m&amp#27;[32mUser looks for Broadband plan in Boardband menu&amp#27;[0m                       &amp#27;[90m# TC02.user_looks_for_Broadband_plan_in_Boardband_menu()&amp#27;[0m
    &amp#27;[31mAnd &amp#27;[0m&amp#27;[31mSelects &amp#27;[0m&amp#27;[31m&amp#27;[1m1&amp#27;[0m&amp#27;[31m Gbps fibre plan&amp#27;[0m                                              &amp#27;[90m# TC02.selects_Gbps_fibre_plan(int)&amp#27;[0m
      &amp#27;[31morg.openqa.selenium.NoSuchElementException: no such element: Unable to locate element: {"method":"xpath","selector":"//div[@class='section-header title'][text()='I want a new Fibre Broadband plan']"}
        (Session info: chrome=88.0.4324.192)
      For documentation on this error, please visit: https://www.seleniumhq.org/exceptions/no_such_element.html
      Build info: version: '3.141.59', revision: 'e82be7d358', time: '2018-11-14T08:17:03'
      System info: host: 'Yuvens-MacBook-Air.local', ip: 'fe80:0:0:0:1c4a:d437:f462:b808%en0', os.name: 'Mac OS X', os.arch: 'x86_64', os.version: '10.15.7', java.version: '14.0.1'
      Driver info: org.openqa.selenium.chrome.ChromeDriver
      Capabilities {acceptInsecureCerts: false, browserName: chrome, browserVersion: 88.0.4324.192, chrome: {chromedriverVersion: 88.0.4324.96 (68dba2d8a0b14..., userDataDir: /var/folders/wb/mc34wf2n5t5...}, goog:chromeOptions: {debuggerAddress: localhost:57410}, javascriptEnabled: true, networkConnectionEnabled: false, pageLoadStrategy: normal, platform: MAC, platformName: MAC, proxy: Proxy(), setWindowRect: true, strictFileInteractability: false, timeouts: {implicit: 0, pageLoad: 300000, script: 30000}, unhandledPromptBehavior: dismiss and notify, webauthn:extension:largeBlob: true, webauthn:virtualAuthenticators: true}
      Session ID: cb9686e36e10df4401d008694cff4056
      *** Element info: {Using=xpath, value=//div[@class='section-header title'][text()='I want a new Fibre Broadband plan']}
      	at java.base/jdk.internal.reflect.NativeConstructorAccessorImpl.newInstance0(Native Method)
      	at java.base/jdk.internal.reflect.NativeConstructorAccessorImpl.newInstance(NativeConstructorAccessorImpl.java:62)
      	at java.base/jdk.internal.reflect.DelegatingConstructorAccessorImpl.newInstance(DelegatingConstructorAccessorImpl.java:45)
      	at java.base/java.lang.reflect.Constructor.newInstanceWithCaller(Constructor.java:500)
      	at java.base/java.lang.reflect.Constructor.newInstance(Constructor.java:481)
      	at org.openqa.selenium.remote.http.W3CHttpResponseCodec.createException(W3CHttpResponseCodec.java:187)
      	at org.openqa.selenium.remote.http.W3CHttpResponseCodec.decode(W3CHttpResponseCodec.java:122)
      	at org.openqa.selenium.remote.http.W3CHttpResponseCodec.decode(W3CHttpResponseCodec.java:49)
      	at org.openqa.selenium.remote.HttpCommandExecutor.execute(HttpCommandExecutor.java:158)
      	at org.openqa.selenium.remote.service.DriverCommandExecutor.execute(DriverCommandExecutor.java:83)
      	at org.openqa.selenium.remote.RemoteWebDriver.execute(RemoteWebDriver.java:552)
      	at org.openqa.selenium.remote.RemoteWebDriver.findElement(RemoteWebDriver.java:323)
      	at org.openqa.selenium.remote.RemoteWebDriver.findElementByXPath(RemoteWebDriver.java:428)
      	at org.openqa.selenium.By$ByXPath.findElement(By.java:353)
      	at org.openqa.selenium.remote.RemoteWebDriver.findElement(RemoteWebDriver.java:315)
      	at pageObjectFiles.NewPlanOrCustomer.getNewFibreBand(NewPlanOrCustomer.java:17)
      	at stepDefinitions.TC02.selects_Gbps_fibre_plan(TC02.java:61)
      	at ✽.And Selects 1 Gbps fibre plan(eShop.feature:16)
      &amp#27;[0m
    &amp#27;[36mThen &amp#27;[0m&amp#27;[36mEnters postal code, floor No and unit No for New fibre Broadband Plan&amp#27;[0m &amp#27;[90m# TC02.enters_postal_code_floor_No_and_unit_No_for_New_fibre_Broadband_Plan()&amp#27;[0m
    &amp#27;[36mAnd &amp#27;[0m&amp#27;[36mCheck fibre availbility for new plan&amp#27;[0m                                   &amp#27;[90m# TC02.check_fibre_availbility_for_new_plan()&amp#27;[0m
    &amp#27;[36mAnd &amp#27;[0m&amp#27;[36mEnters new number for fibre plan&amp#27;[0m                                       &amp#27;[90m# TC02.enters_new_number_for_fibre_plan()&amp#27;[0m
    &amp#27;[36mThen &amp#27;[0m&amp#27;[36mUser is displayed with plan details and Total in shopping card&amp#27;[0m        &amp#27;[90m# TC02.user_is_displayed_with_plan_details_and_Total_in_shopping_card()&amp#27;[0m
fisjava.io.FileInputStream@3e17a0a1
browser chrome
8
9

  Scenario: User can add TV plan in shopping cart and  do checkout          &amp#27;[90m# eShop.feature:25&amp#27;[0m
    &amp#27;[32mGiven &amp#27;[0m&amp#27;[32mUserc is at eshop Home page&amp#27;[0m                                       &amp#27;[90m# TC03.userc_is_at_eshop_Home_page()&amp#27;[0m
    &amp#27;[32mWhen &amp#27;[0m&amp#27;[32mUser looks for packs in TV menu&amp#27;[0m                                    &amp#27;[90m# TC03.user_looks_for_packs_in_TV_menu()&amp#27;[0m
    &amp#27;[31mAnd &amp#27;[0m&amp#27;[31mSelect new packs&amp#27;[0m                                                    &amp#27;[90m# TC03.select_new_packs()&amp#27;[0m
      &amp#27;[31morg.openqa.selenium.NoSuchElementException: no such element: Unable to locate element: {"method":"xpath","selector":"//*[@id="_content_singtel_en_personal_products-services_tv_packs_starter_jcr_content_par_sd_component_pagesec_contentDiv"]/div/div/div/div[3]/div/div/div/div/div[2]/div/div[1]/div/div[4]/div/div/button"}
        (Session info: chrome=88.0.4324.192)
      For documentation on this error, please visit: https://www.seleniumhq.org/exceptions/no_such_element.html
      Build info: version: '3.141.59', revision: 'e82be7d358', time: '2018-11-14T08:17:03'
      System info: host: 'Yuvens-MacBook-Air.local', ip: 'fe80:0:0:0:1c4a:d437:f462:b808%en0', os.name: 'Mac OS X', os.arch: 'x86_64', os.version: '10.15.7', java.version: '14.0.1'
      Driver info: org.openqa.selenium.chrome.ChromeDriver
      Capabilities {acceptInsecureCerts: false, browserName: chrome, browserVersion: 88.0.4324.192, chrome: {chromedriverVersion: 88.0.4324.96 (68dba2d8a0b14..., userDataDir: /var/folders/wb/mc34wf2n5t5...}, goog:chromeOptions: {debuggerAddress: localhost:57506}, javascriptEnabled: true, networkConnectionEnabled: false, pageLoadStrategy: normal, platform: MAC, platformName: MAC, proxy: Proxy(), setWindowRect: true, strictFileInteractability: false, timeouts: {implicit: 0, pageLoad: 300000, script: 30000}, unhandledPromptBehavior: dismiss and notify, webauthn:extension:largeBlob: true, webauthn:virtualAuthenticators: true}
      Session ID: d374c2a3f73f4303d1ba0aaff1e3a402
      *** Element info: {Using=xpath, value=//*[@id="_content_singtel_en_personal_products-services_tv_packs_starter_jcr_content_par_sd_component_pagesec_contentDiv"]/div/div/div/div[3]/div/div/div/div/div[2]/div/div[1]/div/div[4]/div/div/button}
      	at java.base/jdk.internal.reflect.NativeConstructorAccessorImpl.newInstance0(Native Method)
      	at java.base/jdk.internal.reflect.NativeConstructorAccessorImpl.newInstance(NativeConstructorAccessorImpl.java:62)
      	at java.base/jdk.internal.reflect.DelegatingConstructorAccessorImpl.newInstance(DelegatingConstructorAccessorImpl.java:45)
      	at java.base/java.lang.reflect.Constructor.newInstanceWithCaller(Constructor.java:500)
      	at java.base/java.lang.reflect.Constructor.newInstance(Constructor.java:481)
      	at org.openqa.selenium.remote.http.W3CHttpResponseCodec.createException(W3CHttpResponseCodec.java:187)
      	at org.openqa.selenium.remote.http.W3CHttpResponseCodec.decode(W3CHttpResponseCodec.java:122)
      	at org.openqa.selenium.remote.http.W3CHttpResponseCodec.decode(W3CHttpResponseCodec.java:49)
      	at org.openqa.selenium.remote.HttpCommandExecutor.execute(HttpCommandExecutor.java:158)
      	at org.openqa.selenium.remote.service.DriverCommandExecutor.execute(DriverCommandExecutor.java:83)
      	at org.openqa.selenium.remote.RemoteWebDriver.execute(RemoteWebDriver.java:552)
      	at org.openqa.selenium.remote.RemoteWebDriver.findElement(RemoteWebDriver.java:323)
      	at org.openqa.selenium.remote.RemoteWebDriver.findElementByXPath(RemoteWebDriver.java:428)
      	at org.openqa.selenium.By$ByXPath.findElement(By.java:353)
      	at org.openqa.selenium.remote.RemoteWebDriver.findElement(RemoteWebDriver.java:315)
      	at pageObjectFiles.ChoosePack.getSelectPacks(ChoosePack.java:22)
      	at stepDefinitions.TC03.select_new_packs(TC03.java:53)
      	at ✽.And Select new packs(eShop.feature:28)
      &amp#27;[0m
    &amp#27;[36mThen &amp#27;[0m&amp#27;[36mEnters postal code, floor No and unit No for New customer&amp#27;[0m          &amp#27;[90m# TC03.enters_postal_code_floor_No_and_unit_No_for_New_customer()&amp#27;[0m
    &amp#27;[36mAnd &amp#27;[0m&amp#27;[36mCheck fibre availbility for new customer&amp#27;[0m                            &amp#27;[90m# TC03.check_fibre_availbility_for_new_customer()&amp#27;[0m
    &amp#27;[36mThen &amp#27;[0m&amp#27;[36mnew user is displayed with plan details and Total in shopping card&amp#27;[0m &amp#27;[90m# TC03.new_user_is_displayed_with_plan_details_and_Total_in_shopping_card()&amp#27;[0m
]]></system-out>
    <system-err><![CDATA[SLF4J: Failed to load class "org.slf4j.impl.StaticLoggerBinder".
SLF4J: Defaulting to no-operation (NOP) logger implementation
SLF4J: See http://www.slf4j.org/codes.html#StaticLoggerBinder for further details.
Starting ChromeDriver 88.0.4324.96 (68dba2d8a0b149a1d3afac56fa74648032bcf46b-refs/branch-heads/4324@{#1784}) on port 37753
Only local connections are allowed.
Please see https://chromedriver.chromium.org/security-considerations for suggestions on keeping ChromeDriver safe.
ChromeDriver was started successfully.
Mar 01, 2021 12:58:20 AM org.openqa.selenium.remote.ProtocolHandshake createSession
INFO: Detected dialect: W3C
Starting ChromeDriver 88.0.4324.96 (68dba2d8a0b149a1d3afac56fa74648032bcf46b-refs/branch-heads/4324@{#1784}) on port 17098
Only local connections are allowed.
Please see https://chromedriver.chromium.org/security-considerations for suggestions on keeping ChromeDriver safe.
ChromeDriver was started successfully.
Mar 01, 2021 12:59:00 AM org.openqa.selenium.remote.ProtocolHandshake createSession
INFO: Detected dialect: W3C
Starting ChromeDriver 88.0.4324.96 (68dba2d8a0b149a1d3afac56fa74648032bcf46b-refs/branch-heads/4324@{#1784}) on port 44247
Only local connections are allowed.
Please see https://chromedriver.chromium.org/security-considerations for suggestions on keeping ChromeDriver safe.
ChromeDriver was started successfully.
Mar 01, 2021 12:59:51 AM org.openqa.selenium.remote.ProtocolHandshake createSession
INFO: Detected dialect: W3C
]]></system-err>
  </testcase>
</testsuite>